<?xml version="1.0" encoding="UTF-8"?>
<!-- Generated by org.testng.reporters.JUnitXMLReporter -->
<testsuite ignored="2" hostname="DESKTOP-3CFO2EU" failures="0" tests="1" name="Default test" time="14.986" errors="0" timestamp="23 Apr 2023 05:02:11 GMT">
  <testcase classname="testcases.LoginTest" name="readFromXcel" time="9.613"/>
  <testcase classname="testcases.LoginTest" name="verifyNavigation" time="0.0">
    <ignored/>
  </testcase> <!-- verifyNavigation -->
  <testcase classname="testcases.LoginTest" name="invalidLoginTest" time="0.0">
    <ignored/>
  </testcase> <!-- invalidLoginTest -->
</testsuite> <!-- Default test -->
