<?xml version="1.0" encoding="UTF-8"?>
<!-- Generated by org.testng.reporters.JUnitXMLReporter -->
<testsuite ignored="0" hostname="DESKTOP-3CFO2EU" failures="0" tests="3" name="Test" time="27.252" errors="0" timestamp="22 Apr 2023 07:04:33 GMT">
  <testcase classname="testcases.HomePageTest" name="test3" time="0.005"/>
  <testcase classname="testcases.LoginTest" name="invalidLoginTest" time="18.34"/>
  <testcase classname="testcases.LoginTest" name="verifyNavigation" time="0.01"/>
</testsuite> <!-- Test -->
