<?xml version="1.0" encoding="UTF-8"?>
<testng-results ignored="2" total="3" passed="1" failed="0" skipped="0">
  <reporter-output>
  </reporter-output>
  <suite started-at="2023-04-23T05:01:56Z" name="Default suite" finished-at="2023-04-23T05:02:11Z" duration-ms="14986">
    <groups>
    </groups>
    <test started-at="2023-04-23T05:01:56Z" name="Default test" finished-at="2023-04-23T05:02:11Z" duration-ms="14986">
      <class name="testcases.LoginTest">
        <test-method is-config="true" signature="ReportSetUp()[pri:0, instance:testcases.LoginTest@54eb2b70]" started-at="2023-04-23T05:01:56Z" name="ReportSetUp" finished-at="2023-04-23T05:01:57Z" duration-ms="1009" status="PASS">
          <reporter-output>
          </reporter-output>
        </test-method> <!-- ReportSetUp -->
        <test-method is-config="true" signature="SetUp(java.lang.reflect.Method)[pri:0, instance:testcases.LoginTest@54eb2b70]" started-at="2023-04-23T05:01:57Z" name="SetUp" finished-at="2023-04-23T05:02:01Z" duration-ms="3744" status="PASS">
          <params>
            <param index="0">
              <value>
                <![CDATA[public void testcases.LoginTest.readFromXcel() throws com.codoid.products.exception.FilloException]]>
              </value>
            </param>
          </params>
          <reporter-output>
          </reporter-output>
        </test-method> <!-- SetUp -->
        <test-method signature="readFromXcel()[pri:0, instance:testcases.LoginTest@54eb2b70]" started-at="2023-04-23T05:02:01Z" name="readFromXcel" finished-at="2023-04-23T05:02:10Z" duration-ms="9613" status="PASS">
          <reporter-output>
          </reporter-output>
        </test-method> <!-- readFromXcel -->
        <test-method is-config="true" signature="FinishTest()[pri:0, instance:testcases.LoginTest@54eb2b70]" started-at="2023-04-23T05:02:10Z" name="FinishTest" finished-at="2023-04-23T05:02:10Z" duration-ms="225" status="PASS">
          <reporter-output>
          </reporter-output>
        </test-method> <!-- FinishTest -->
        <test-method is-config="true" signature="ReportClean()[pri:0, instance:testcases.LoginTest@54eb2b70]" started-at="2023-04-23T05:02:10Z" name="ReportClean" finished-at="2023-04-23T05:02:11Z" duration-ms="324" status="PASS">
          <reporter-output>
          </reporter-output>
        </test-method> <!-- ReportClean -->
      </class> <!-- testcases.LoginTest -->
    </test> <!-- Default test -->
  </suite> <!-- Default suite -->
</testng-results>
