<?xml version="1.0" encoding="UTF-8"?>
<testng-results ignored="0" total="3" passed="3" failed="0" skipped="0">
  <reporter-output>
  </reporter-output>
  <suite started-at="2023-04-22T07:04:06Z" name="Suite" finished-at="2023-04-22T07:04:33Z" duration-ms="27252">
    <groups>
    </groups>
    <test started-at="2023-04-22T07:04:06Z" name="Test" finished-at="2023-04-22T07:04:33Z" duration-ms="27252">
      <class name="testcases.HomePageTest">
        <test-method signature="test3()[pri:0, instance:testcases.HomePageTest@14bee915]" started-at="2023-04-22T07:04:06Z" name="test3" finished-at="2023-04-22T07:04:06Z" duration-ms="5" status="PASS">
          <reporter-output>
          </reporter-output>
        </test-method> <!-- test3 -->
      </class> <!-- testcases.HomePageTest -->
      <class name="testcases.LoginTest">
        <test-method is-config="true" signature="ReportSetUp()[pri:0, instance:testcases.LoginTest@41ab013]" started-at="2023-04-22T07:04:06Z" name="ReportSetUp" finished-at="2023-04-22T07:04:06Z" duration-ms="326" status="PASS">
          <reporter-output>
          </reporter-output>
        </test-method> <!-- ReportSetUp -->
        <test-method is-config="true" signature="SetUp(java.lang.reflect.Method)[pri:0, instance:testcases.LoginTest@41ab013]" started-at="2023-04-22T07:04:06Z" name="SetUp" finished-at="2023-04-22T07:04:10Z" duration-ms="3987" status="PASS">
          <params>
            <param index="0">
              <value>
                <![CDATA[public void testcases.LoginTest.invalidLoginTest() throws java.lang.InterruptedException]]>
              </value>
            </param>
          </params>
          <reporter-output>
          </reporter-output>
        </test-method> <!-- SetUp -->
        <test-method signature="invalidLoginTest()[pri:0, instance:testcases.LoginTest@41ab013]" started-at="2023-04-22T07:04:10Z" name="invalidLoginTest" finished-at="2023-04-22T07:04:28Z" duration-ms="18340" status="PASS">
          <reporter-output>
          </reporter-output>
        </test-method> <!-- invalidLoginTest -->
        <test-method is-config="true" signature="FinishTest()[pri:0, instance:testcases.LoginTest@41ab013]" started-at="2023-04-22T07:04:28Z" name="FinishTest" finished-at="2023-04-22T07:04:29Z" duration-ms="250" status="PASS">
          <reporter-output>
          </reporter-output>
        </test-method> <!-- FinishTest -->
        <test-method is-config="true" signature="SetUp(java.lang.reflect.Method)[pri:0, instance:testcases.LoginTest@41ab013]" started-at="2023-04-22T07:04:29Z" name="SetUp" finished-at="2023-04-22T07:04:32Z" duration-ms="3682" status="PASS">
          <params>
            <param index="0">
              <value>
                <![CDATA[public void testcases.LoginTest.verifyNavigation() throws java.lang.InterruptedException]]>
              </value>
            </param>
          </params>
          <reporter-output>
          </reporter-output>
        </test-method> <!-- SetUp -->
        <test-method signature="verifyNavigation()[pri:0, instance:testcases.LoginTest@41ab013]" started-at="2023-04-22T07:04:32Z" name="verifyNavigation" finished-at="2023-04-22T07:04:32Z" duration-ms="10" status="PASS">
          <reporter-output>
          </reporter-output>
        </test-method> <!-- verifyNavigation -->
        <test-method is-config="true" signature="FinishTest()[pri:0, instance:testcases.LoginTest@41ab013]" started-at="2023-04-22T07:04:32Z" name="FinishTest" finished-at="2023-04-22T07:04:32Z" duration-ms="252" status="PASS">
          <reporter-output>
          </reporter-output>
        </test-method> <!-- FinishTest -->
        <test-method is-config="true" signature="ReportClean()[pri:0, instance:testcases.LoginTest@41ab013]" started-at="2023-04-22T07:04:32Z" name="ReportClean" finished-at="2023-04-22T07:04:33Z" duration-ms="360" status="PASS">
          <reporter-output>
          </reporter-output>
        </test-method> <!-- ReportClean -->
      </class> <!-- testcases.LoginTest -->
    </test> <!-- Test -->
  </suite> <!-- Suite -->
</testng-results>
